<?xml version="1.0" encoding="UTF-8"?>
<testng-results ignored="0" total="1" passed="1" failed="0" skipped="0">
  <reporter-output>
  </reporter-output>
  <suite started-at="2026-05-01T21:15:41 IST" name="Default suite" finished-at="2026-05-01T21:15:56 IST" duration-ms="14564">
    <groups>
    </groups>
    <test started-at="2026-05-01T21:15:41 IST" name="Default test" finished-at="2026-05-01T21:15:56 IST" duration-ms="14564">
      <class name="com.alchemist.extent.ExtentReportDemo">
        <test-method is-config="true" signature="config()[pri:0, instance:com.alchemist.extent.ExtentReportDemo@22ff4249]" started-at="2026-05-01T21:15:41 IST" name="config" finished-at="2026-05-01T21:15:41 IST" duration-ms="189" status="PASS">
          <reporter-output>
          </reporter-output>
        </test-method> <!-- config -->
        <test-method signature="initialDemo()[pri:0, instance:com.alchemist.extent.ExtentReportDemo@22ff4249]" started-at="2026-05-01T21:15:41 IST" name="initialDemo" finished-at="2026-05-01T21:15:56 IST" duration-ms="14345" status="PASS">
          <reporter-output>
          </reporter-output>
        </test-method> <!-- initialDemo -->
      </class> <!-- com.alchemist.extent.ExtentReportDemo -->
    </test> <!-- Default test -->
  </suite> <!-- Default suite -->
</testng-results>
