<?xml version="1.0" encoding="UTF-8"?>
<!-- Generated by org.testng.reporters.JUnitXMLReporter -->
<testsuite ignored="2" hostname="IN-5CG4463RGB" failures="0" tests="0" name="E2E" time="0.274" errors="0" timestamp="2026-05-04T14:57:49 IST">
  <testcase classname="com.alchemist.AndroidTC_1" name="fillFormWithDataProvider" time="0.0">
    <ignored/>
  </testcase> <!-- fillFormWithDataProvider -->
  <testcase classname="com.alchemist.AndroidTC_1" name="fillForm" time="0.0">
    <ignored/>
  </testcase> <!-- fillForm -->
</testsuite> <!-- E2E -->
